[    0.000000] Linux version 4.15.0-212-generic (buildd@lcy02-amd64-083) (gcc version 7.5.0 (Ubuntu 7.5.0-3ubuntu1~18.04)) #223-Ubuntu SMP Tue May 23 13:09:22 UTC 2023 (Ubuntu 4.15.0-212.223-generic 4.15.18)
[    0.000000] Command line: BOOT_IMAGE=/boot/vmlinuz-4.15.0-212-generic root=LABEL=cloudimg-rootfs ro console=tty1 console=ttyS0
[    0.000000] KERNEL supported cpus:
[    0.000000]   Intel GenuineIntel
[    0.000000]   AMD AuthenticAMD
[    0.000000]   Centaur CentaurHauls
[    0.000000] [Firmware Bug]: TSC doesn't count with P0 frequency!
[    0.000000] x86/fpu: x87 FPU will use FXSAVE
[    0.000000] e820: BIOS-provided physical RAM map:
[    0.000000] BIOS-e820: [mem 0x0000000000000000-0x000000000009fbff] usable
[    0.000000] BIOS-e820: [mem 0x000000000009fc00-0x000000000009ffff] reserved
[    0.000000] BIOS-e820: [mem 0x00000000000f0000-0x00000000000fffff] reserved
[    0.000000] BIOS-e820: [mem 0x0000000000100000-0x000000003ffeffff] usable
[    0.000000] BIOS-e820: [mem 0x000000003fff0000-0x000000003fffffff] ACPI data
[    0.000000] BIOS-e820: [mem 0x00000000fec00000-0x00000000fec00fff] reserved
[    0.000000] BIOS-e820: [mem 0x00000000fee00000-0x00000000fee00fff] reserved
[    0.000000] BIOS-e820: [mem 0x00000000fffc0000-0x00000000ffffffff] reserved
[    0.000000] NX (Execute Disable) protection: active
[    0.000000] SMBIOS 2.5 present.
[    0.000000] DMI: innotek GmbH VirtualBox/VirtualBox, BIOS VirtualBox 12/01/2006
[    0.000000] Hypervisor detected: KVM
[    0.000000] e820: last_pfn = 0x3fff0 max_arch_pfn = 0x400000000
[    0.000000] MTRR: Disabled
[    0.000000] x86/PAT: MTRRs disabled, skipping PAT initialization too.
[    0.000000] CPU MTRRs all blank - virtualized system.
[    0.000000] x86/PAT: Configuration [0-7]: WB  WT  UC- UC  WB  WT  UC- UC  
[    0.000000] found SMP MP-table at [mem 0x0009fff0-0x0009ffff]
[    0.000000] Scanning 1 areas for low memory corruption
[    0.000000] RAMDISK: [mem 0x359cb000-0x36cdcfff]
[    0.000000] ACPI: Early table checksum verification disabled
[    0.000000] ACPI: RSDP 0x00000000000E0000 000024 (v02 VBOX  )
[    0.000000] ACPI: XSDT 0x000000003FFF0030 00003C (v01 VBOX   VBOXXSDT 00000001 ASL  00000061)
[    0.000000] ACPI: FACP 0x000000003FFF00F0 0000F4 (v04 VBOX   VBOXFACP 00000001 ASL  00000061)
[    0.000000] ACPI: DSDT 0x000000003FFF0610 002353 (v02 VBOX   VBOXBIOS 00000002 INTL 20230628)
[    0.000000] ACPI: FACS 0x000000003FFF0200 000040
[    0.000000] ACPI: FACS 0x000000003FFF0200 000040
[    0.000000] ACPI: APIC 0x000000003FFF0240 00005C (v02 VBOX   VBOXAPIC 00000001 ASL  00000061)
[    0.000000] ACPI: SSDT 0x000000003FFF02A0 00036C (v01 VBOX   VBOXCPUT 00000002 INTL 20230628)
[    0.000000] ACPI: Reserving FACP table memory at [mem 0x3fff00f0-0x3fff01e3]
[    0.000000] ACPI: Reserving DSDT table memory at [mem 0x3fff0610-0x3fff2962]
[    0.000000] ACPI: Reserving FACS table memory at [mem 0x3fff0200-0x3fff023f]
[    0.000000] ACPI: Reserving FACS table memory at [mem 0x3fff0200-0x3fff023f]
[    0.000000] ACPI: Reserving APIC table memory at [mem 0x3fff0240-0x3fff029b]
[    0.000000] ACPI: Reserving SSDT table memory at [mem 0x3fff02a0-0x3fff060b]
[    0.000000] No NUMA configuration found
[    0.000000] Faking a node at [mem 0x0000000000000000-0x000000003ffeffff]
[    0.000000] NODE_DATA(0) allocated [mem 0x3ffc5000-0x3ffeffff]
[    0.000000] kvm-clock: cpu 0, msr 0:3ff44001, primary cpu clock
[    0.000000] kvm-clock: Using msrs 4b564d01 and 4b564d00
[    0.000000] kvm-clock: using sched offset of 3526796282 cycles
[    0.000000] clocksource: kvm-clock: mask: 0xffffffffffffffff max_cycles: 0x1cd42e4dffb, max_idle_ns: 881590591483 ns
[    0.000000] Zone ranges:
[    0.000000]   DMA      [mem 0x0000000000001000-0x0000000000ffffff]
[    0.000000]   DMA32    [mem 0x0000000001000000-0x000000003ffeffff]
[    0.000000]   Normal   empty
[    0.000000]   Device   empty
[    0.000000] Movable zone start for each node
[    0.000000] Early memory node ranges
[    0.000000]   node   0: [mem 0x0000000000001000-0x000000000009efff]
[    0.000000]   node   0: [mem 0x0000000000100000-0x000000003ffeffff]
[    0.000000] Reserved but unavailable: 104 pages
[    0.000000] Initmem setup node 0 [mem 0x0000000000001000-0x000000003ffeffff]
[    0.000000] ACPI: PM-Timer IO Port: 0x4008
[    0.000000] IOAPIC[0]: apic_id 2, version 32, address 0xfec00000, GSI 0-23
[    0.000000] ACPI: INT_SRC_OVR (bus 0 bus_irq 0 global_irq 2 dfl dfl)
[    0.000000] ACPI: INT_SRC_OVR (bus 0 bus_irq 9 global_irq 9 low level)
[    0.000000] Using ACPI (MADT) for SMP configuration information
[    0.000000] smpboot: Allowing 2 CPUs, 0 hotplug CPUs
[    0.000000] PM: Registered nosave memory: [mem 0x00000000-0x00000fff]
[    0.000000] PM: Registered nosave memory: [mem 0x0009f000-0x0009ffff]
[    0.000000] PM: Registered nosave memory: [mem 0x000a0000-0x000effff]
[    0.000000] PM: Registered nosave memory: [mem 0x000f0000-0x000fffff]
[    0.000000] e820: [mem 0x40000000-0xfebfffff] available for PCI devices
[    0.000000] Booting paravirtualized kernel on KVM
[    0.000000] clocksource: refined-jiffies: mask: 0xffffffff max_cycles: 0xffffffff, max_idle_ns: 7645519600211568 ns
[    0.000000] setup_percpu: NR_CPUS:8192 nr_cpumask_bits:2 nr_cpu_ids:2 nr_node_ids:1
[    0.000000] percpu: Embedded 50 pages/cpu s167936 r8192 d28672 u1048576
[    0.000000] PV qspinlock hash table entries: 256 (order: 0, 4096 bytes)
[    0.000000] Built 1 zonelists, mobility grouping on.  Total pages: 257913
[    0.000000] Policy zone: DMA32
[    0.000000] Kernel command line: BOOT_IMAGE=/boot/vmlinuz-4.15.0-212-generic root=LABEL=cloudimg-rootfs ro console=tty1 console=ttyS0
[    0.000000] Memory: 982644K/1048120K available (12300K kernel code, 2477K rwdata, 4324K rodata, 2480K init, 2720K bss, 65476K reserved, 0K cma-reserved)
[    0.000000] SLUB: HWalign=64, Order=0-3, MinObjects=0, CPUs=2, Nodes=1
[    0.000000] ftrace: allocating 39508 entries in 155 pages
[    0.004000] Hierarchical RCU implementation.
[    0.004000] 	RCU restricting CPUs from NR_CPUS=8192 to nr_cpu_ids=2.
[    0.004000] 	Tasks RCU enabled.
[    0.004000] RCU: Adjusting geometry for rcu_fanout_leaf=16, nr_cpu_ids=2
[    0.004000] NR_IRQS: 524544, nr_irqs: 440, preallocated irqs: 16
[    0.004000] Console: colour VGA+ 80x25
[    0.004000] console [tty1] enabled
[    0.004000] console [ttyS0] enabled
[    0.004000] ACPI: Core revision 20170831
[    0.004000] ACPI: 2 ACPI AML tables successfully acquired and loaded
[    0.004000] APIC: Switch to symmetric I/O mode setup
[    0.004000] x2apic enabled
[    0.004000] Switched APIC routing to physical x2apic.
[    0.004000] ..TIMER: vector=0x30 apic1=0 pin1=2 apic2=-1 pin2=-1
[    0.004000] tsc: Detected 3393.624 MHz processor
[    0.004000] Calibrating delay loop (skipped) preset value.. 6787.24 BogoMIPS (lpj=13574496)
[    0.004000] pid_max: default: 32768 minimum: 301
[    0.004000] Security Framework initialized
[    0.004000] Yama: becoming mindful.
[    0.004000] AppArmor: AppArmor initialized
[    0.004000] Dentry cache hash table entries: 131072 (order: 8, 1048576 bytes)
[    0.004000] Inode-cache hash table entries: 65536 (order: 7, 524288 bytes)
[    0.004000] Mount-cache hash table entries: 2048 (order: 2, 16384 bytes)
[    0.004016] Mountpoint-cache hash table entries: 2048 (order: 2, 16384 bytes)
[    0.008788] Last level iTLB entries: 4KB 512, 2MB 512, 4MB 256
[    0.012002] Last level dTLB entries: 4KB 2048, 2MB 2048, 4MB 1024, 1GB 0
[    0.016011] Spectre V1 : Mitigation: usercopy/swapgs barriers and __user pointer sanitization
[    0.020003] Spectre V2 : Mitigation: Retpolines
[    0.024002] Spectre V2 : Spectre v2 / SpectreRSB mitigation: Filling RSB on context switch
[    0.028002] Spectre V2 : Spectre v2 / SpectreRSB : Filling RSB on VMEXIT
[    0.032468] Freeing SMP alternatives memory: 36K
[    0.152003] APIC calibration not consistent with PM-Timer: 120ms instead of 100ms
[    0.156000] APIC delta adjusted to PM-Timer: 6446271 (7750441)
[    0.156290] smpboot: CPU0: AMD Ryzen 7 5700X 8-Core Processor (family: 0x19, model: 0x21, stepping: 0x2)
[    0.160000] Performance Events: PMU not available due to virtualization, using software events only.
[    0.160000] Hierarchical SRCU implementation.
[    0.160000] NMI watchdog: Perf event create on CPU 0 failed with -2
[    0.160000] NMI watchdog: Perf NMI watchdog permanently disabled
[    0.160000] smp: Bringing up secondary CPUs ...
[    0.160000] x86: Booting SMP configuration:
[    0.160000] .... node  #0, CPUs:      #1
[    0.004000] kvm-clock: cpu 1, msr 0:3ff44041, secondary cpu clock
[    0.176154] smp: Brought up 1 node, 2 CPUs
[    0.180004] smpboot: Max logical packages: 1
[    0.184024] smpboot: Total of 2 processors activated (13574.49 BogoMIPS)
[    0.188254] devtmpfs: initialized
[    0.196069] x86/mm: Memory block size: 128MB
[    0.199788] evm: security.selinux
[    0.200002] evm: security.SMACK64
[    0.204002] evm: security.SMACK64EXEC
[    0.208118] evm: security.SMACK64TRANSMUTE
[    0.212002] evm: security.SMACK64MMAP
[    0.216002] evm: security.apparmor
[    0.220002] evm: security.ima
[    0.224002] evm: security.capability
[    0.236093] clocksource: jiffies: mask: 0xffffffff max_cycles: 0xffffffff, max_idle_ns: 7645041785100000 ns
[    0.240120] futex hash table entries: 512 (order: 3, 32768 bytes)
[    0.244156] pinctrl core: initialized pinctrl subsystem
[    0.248472] RTC time:  0:24:55, date: 07/14/24
[    0.256298] NET: Registered protocol family 16
[    0.260058] audit: initializing netlink subsys (disabled)
[    0.268279] audit: type=2000 audit(1720916700.341:1): state=initialized audit_enabled=0 res=1
[    0.272011] cpuidle: using governor ladder
[    0.275544] cpuidle: using governor menu
[    0.280849] ACPI: bus type PCI registered
[    0.284030] acpiphp: ACPI Hot Plug PCI Controller Driver version: 0.5
[    0.288376] PCI: Using configuration type 1 for base access
[    0.292002] PCI: Using configuration type 1 for extended access
[    0.300244] HugeTLB registered 2.00 MiB page size, pre-allocated 0 pages
[    0.308333] ACPI: Added _OSI(Module Device)
[    0.311785] ACPI: Added _OSI(Processor Device)
[    0.312004] ACPI: Added _OSI(3.0 _SCP Extensions)
[    0.316003] ACPI: Added _OSI(Processor Aggregator Device)
[    0.320004] ACPI: Added _OSI(Linux-Dell-Video)
[    0.324004] ACPI: Added _OSI(Linux-Lenovo-NV-HDMI-Audio)
[    0.328005] ACPI: Added _OSI(Linux-HPI-Hybrid-Graphics)
[    0.337012] ACPI: Executed 1 blocks of module-level executable AML code
[    0.346695] ACPI: Interpreter enabled
[    0.348012] ACPI: (supports S0 S5)
[    0.352032] ACPI: Using IOAPIC for interrupt routing
[    0.356450] PCI: Using host bridge windows from ACPI; if necessary, use "pci=nocrs" and report a bug
[    0.368299] ACPI: Enabled 2 GPEs in block 00 to 07
[    0.377931] ACPI: PCI Root Bridge [PCI0] (domain 0000 [bus 00-ff])
[    0.380000] acpi PNP0A03:00: _OSC: OS supports [ExtendedConfig ASPM ClockPM Segments MSI]
[    0.384152] acpi PNP0A03:00: _OSC: platform does not support [PCIeCapability]
[    0.388402] acpi PNP0A03:00: _OSC: not requesting control; platform does not support [PCIeCapability]
[    0.392003] acpi PNP0A03:00: _OSC: OS requested [PCIeHotplug PME AER PCIeCapability]
[    0.400003] acpi PNP0A03:00: _OSC: platform willing to grant [PCIeHotplug PME AER]
[    0.403614] acpi PNP0A03:00: _OSC failed (AE_SUPPORT); disabling ASPM
[    0.404434] PCI host bridge to bus 0000:00
[    0.406781] pci_bus 0000:00: root bus resource [io  0x0000-0x0cf7 window]
[    0.408004] pci_bus 0000:00: root bus resource [io  0x0d00-0xffff window]
[    0.412004] pci_bus 0000:00: root bus resource [mem 0x000a0000-0x000bffff window]
[    0.416003] pci_bus 0000:00: root bus resource [mem 0x40000000-0xfdffffff window]
[    0.424003] pci_bus 0000:00: root bus resource [bus 00-ff]
[    0.432317] pci 0000:00:01.1: legacy IDE quirk: reg 0x10: [io  0x01f0-0x01f7]
[    0.436000] pci 0000:00:01.1: legacy IDE quirk: reg 0x14: [io  0x03f6]
[    0.440003] pci 0000:00:01.1: legacy IDE quirk: reg 0x18: [io  0x0170-0x0177]
[    0.444003] pci 0000:00:01.1: legacy IDE quirk: reg 0x1c: [io  0x0376]
[    0.456000] pci 0000:00:07.0: quirk: [io  0x4000-0x403f] claimed by PIIX4 ACPI
[    0.456000] pci 0000:00:07.0: quirk: [io  0x4100-0x410f] claimed by PIIX4 SMB
[    0.472000] ACPI: PCI Interrupt Link [LNKA] (IRQs 5 9 10 *11)
[    0.472000] ACPI: PCI Interrupt Link [LNKB] (IRQs 5 9 *10 11)
[    0.472000] ACPI: PCI Interrupt Link [LNKC] (IRQs 5 *9 10 11)
[    0.472000] ACPI: PCI Interrupt Link [LNKD] (IRQs 5 9 10 *11)
[    0.472000] SCSI subsystem initialized
[    0.472784] pci 0000:00:02.0: vgaarb: setting as boot VGA device
[    0.475032] pci 0000:00:02.0: vgaarb: VGA device added: decodes=io+mem,owns=io+mem,locks=none
[    0.484004] pci 0000:00:02.0: vgaarb: bridge control possible
[    0.484004] vgaarb: loaded
[    0.485532] ACPI: bus type USB registered
[    0.487444] usbcore: registered new interface driver usbfs
[    0.488000] usbcore: registered new interface driver hub
[    0.488000] usbcore: registered new device driver usb
[    0.488000] EDAC MC: Ver: 3.0.0
[    0.488000] PCI: Using ACPI for IRQ routing
[    0.488000] NetLabel: Initializing
[    0.488000] NetLabel:  domain hash size = 128
[    0.488000] NetLabel:  protocols = UNLABELED CIPSOv4 CALIPSO
[    0.488080] NetLabel:  unlabeled traffic allowed by default
[    0.496792] clocksource: Switched to clocksource kvm-clock
[    0.502747] VFS: Disk quotas dquot_6.6.0
[    0.502747] VFS: Dquot-cache hash table entries: 512 (order 0, 4096 bytes)
[    0.502747] AppArmor: AppArmor Filesystem Enabled
[    0.521549] pnp: PnP ACPI init
[    0.524701] pnp: PnP ACPI: found 3 devices
[    0.538987] clocksource: acpi_pm: mask: 0xffffff max_cycles: 0xffffff, max_idle_ns: 2085701024 ns
[    0.540347] NET: Registered protocol family 2
[    0.540347] IP idents hash table entries: 16384 (order: 5, 131072 bytes)
[    0.540347] TCP established hash table entries: 8192 (order: 4, 65536 bytes)
[    0.540347] TCP bind hash table entries: 8192 (order: 5, 131072 bytes)
[    0.540347] TCP: Hash tables configured (established 8192 bind 8192)
[    0.540347] UDP hash table entries: 512 (order: 2, 16384 bytes)
[    0.540347] UDP-Lite hash table entries: 512 (order: 2, 16384 bytes)
[    0.540347] NET: Registered protocol family 1
[    0.565751] pci 0000:00:00.0: Limiting direct PCI/PCI transfers
[    0.568527] pci 0000:00:01.0: Activating ISA DMA hang workarounds
[    0.571550] pci 0000:00:02.0: Video device with shadowed ROM at [mem 0x000c0000-0x000dffff]
[    0.575227] Unpacking initramfs...
[    0.788203] Freeing initrd memory: 19528K
[    0.788203] clocksource: tsc: mask: 0xffffffffffffffff max_cycles: 0x30eac774559, max_idle_ns: 440795212956 ns
[    0.788203] platform rtc_cmos: registered platform RTC device (no PNP device found)
[    0.802575] Scanning for low memory corruption every 60 seconds
[    0.809036] Initialise system trusted keyrings
[    0.813255] Key type blacklist registered
[    0.816938] workingset: timestamp_bits=36 max_order=18 bucket_order=0
[    0.823892] zbud: loaded
[    0.827096] squashfs: version 4.0 (2009/01/31) Phillip Lougher
[    0.832632] fuse init (API version 7.26)
[    0.842812] Key type asymmetric registered
[    0.846347] Asymmetric key parser 'x509' registered
[    0.851081] Block layer SCSI generic (bsg) driver version 0.4 loaded (major 246)
[    0.857592] io scheduler noop registered
[    0.860280] io scheduler deadline registered
[    0.862523] io scheduler cfq registered (default)
[    0.866570] ACPI: AC Adapter [AC] (on-line)
[    0.870048] input: Power Button as /devices/LNXSYSTM:00/LNXPWRBN:00/input/input0
[    0.875432] ACPI: Power Button [PWRF]
[    0.878883] input: Sleep Button as /devices/LNXSYSTM:00/LNXSLPBN:00/input/input1
[    0.884641] ACPI: Sleep Button [SLPF]
[    0.888530] Serial: 8250/16550 driver, 32 ports, IRQ sharing enabled
[    0.87344] 00:02 ttyS0 at I/ 0x3f8 (ir = 4, se_baud = 115200) is a 16550A
[    0.948889] Linux agpgart interface v0.103
[    0.954449] loop: module loaded
[    0.958122] scsi host0: ata_piix
[    0.961141] scsi host1: ata_piix
[    0.963420] ata1: PATA max UDMA/33 cmd 0x1f0 ctl 0x3f6 bmdma 0xd000 irq 14
[    0.967802] ata2: PATA max UDMA/33 cmd 0x170 ctl 0x376 bmdma 0xd008 irq 15
[    0.972740] tun: Universal TUN/TAP device driver, 1.6
[    0.976339] PPP generic driver version 2.4.2
[    0.979105] ehci_hcd: USB 2.0 'Enhanced' Host Controller (EHCI) Driver
[    0.985614] ehci-pci: EHCI PCI platform driver
[    0.988623] ehci-platform: EHCI generic platform driver
[    0.992457] ohci_hcd: USB 1.1 'Open' Host Controller (OHCI) Driver
[    0.997238] ohci-pci: OHCI PCI platform driver
[    1.000954] ohci-platform: OHCI generic platform driver
[    1.004974] uhci_hcd: USB Universal Host Controller Interface driver
[    1.009575] i8042: PNP: PS/2 Controller [PNP0303:PS2K,PNP0f03:PS2M] at 0x60,0x64 irq 1,12
[    1.016505] serio: i8042 KBD port at 0x60,0x64 irq 1
[    1.020229] serio: i8042 AUX port at 0x60,0x64 irq 12
[    1.024548] mousedev: PS/2 mouse device common for all mice
[    1.029288] input: AT Translated Set 2 keyboard as /devices/platform/i8042/serio0/input/input2
[    1.033671] rtc_cmos rtc_cmos: rtc core: registered rtc_cmos as rtc0
[    1.041823] rtc_cmos rtc_cmos: alarms up to one day, 114 bytes nvram
[    1.046815] i2c /dev entries driver
[    1.049913] device-mapper: uevent: version 1.0.3
[    1.054416] device-mapper: ioctl: 4.37.0-ioctl (2017-09-20) initialised: dm-devel@redhat.com
[    1.060592] ledtrig-cpu: registered to indicate activity on CPUs
[    1.066150] NET: Registered protocol family 10
[    1.094377] Segment Routing with IPv6
[    1.097033] NET: Registered protocol family 17
[    1.102013] Key type dns_resolver registered
[    1.106607] mce: Using 0 MCE banks
[    1.109753] RAS: Correctable Errors collector initialized.
[    1.114076] sched_clock: Marking stable (1113948644, 0)->(1692384655, -578436011)
[    1.122807] registered taskstats version 1
[    1.126240] Loading compiled-in X.509 certificates
[    1.179013] Loaded X.509 cert 'Build time autogenerated kernel key: b5b26778eaa3ab3a4a6cee031137706e947d12ad'
[    1.187539] Loaded X.509 cert 'Canonical Ltd. Live Patch Signing: 14df34d1a87cf37625abec039ef2bf521249b969'
[    1.194834] Loaded X.509 cert 'Canonical Ltd. Kernel Module Signing: 88f752e560a1e0737e31163a466ad7b70a850c19'
[    1.201922] blacklist: Loading compiled-in revocation X.509 certificates
[    1.207176] Loaded X.509 cert 'Canonical Ltd. Secure Boot Signing: 61482aa2830d0ab2ad5af10b7250da9033ddcef0'
[    1.214239] Loaded X.509 cert 'Canonical Ltd. Secure Boot Signing (2017): 242ade75ac4a15e50d50c84b0d45ff3eae707a03'
[    1.221966] Loaded X.509 cert 'Canonical Ltd. Secure Boot Signing (ESM 2018): 365188c1d374d6b07c3c8f240f8ef722433d6a8b'
[    1.229616] Loaded X.509 cert 'Canonical Ltd. Secure Boot Signing (2019): c0746fd6c5da3ae827864651ad66ae47fe24b3e8'
[    1.237313] Loaded X.509 cert 'Canonical Ltd. Secure Boot Signing (2021 v1): a8d54bbb3825cfb94fa13c9f8a594a195c107b8d'
[    1.244656] Loaded X.509 cert 'Canonical Ltd. Secure Boot Signing (2021 v2): 4cf046892d6fd3c9a5b03f98d845f90851dc6a8c'
[    1.251150] Loaded X.509 cert 'Canonical Ltd. Secure Boot Signing (2021 v3): 100437bb6de6e469b581e61cd66bce3ef4ed53af'
[    1.258293] Loaded X.509 cert 'Canonical Ltd. Secure Boot Signing (Ubuntu Core 2019): c1d57b8f6b743f23ee41f4f7ee292f06eecadfb9'
[    1.266115] zswap: loaded using pool lzo/zbud
[    1.294746] Key type big_key registered
[    1.297694] Key type trusted registered
[    1.315504] Key type encrypted registered
[    1.317509] AppArmor: AppArmor sha1 policy hashing enabled
[    1.320315] ima: No TPM chip found, activating TPM-bypass! (rc=-19)
[    1.323799] ima: Allocated hash algorithm: sha1
[    1.326145] evm: HMAC attrs: 0x1
[    1.328250]   Magic number: 0:429:405
[    1.330376] rtc_cmos rtc_cmos: setting system clock to 2024-07-14 00:24:56 UTC (1720916696)
[    1.334506] BIOS EDD facility v0.16 2004-Jun-25, 0 devices found
[    1.337725] EDD information not available.
[    1.355886] Freeing unused kernel image memory: 2480K
[    1.377078] Write protecting the kernel read-only data: 20480k
[    1.386438] Freeing unused kernel image memory: 2008K
[    1.389359] Freeing unused kernel image memory: 1820K
[    1.395030] x86/mm: Checked W+X mappings: passed, no W+X pages found.
Loading, please wait...
starting version 237
[    1.715569] Fusion MPT base driver 3.04.20
[    1.717937] Copyright (c) 1999-2008 LSI Corporation
[    1.750758] e1000: Intel(R) PRO/1000 Network Driver - version 7.3.21-k8-NAPI
[    1.753853] e1000: Copyright (c) 1999-2006 Intel Corporation.
[    1.801274] Fusion MPT SPI Host driver 3.04.20
[    2.014123] input: ImExPS/2 Generic Explorer Mouse as /devices/platform/i8042/serio1/input/input4
[    2.692507] e1000 0000:00:03.0 eth0: (PCI:33MHz:32-bit) 02:3b:7b:b7:3b:2d
[    2.699292] e1000 0000:00:03.0 eth0: Intel(R) PRO/1000 Network Connection
[    3.308354] e1000 0000:00:08.0 eth1: (PCI:33MHz:32-bit) 08:00:27:8e:38:52
[    3.316401] e1000 0000:00:08.0 eth1: Intel(R) PRO/1000 Network Connection
[    3.328121] e1000 0000:00:08.0 enp0s8: renamed from eth1
[    3.333172] mptbase: ioc0: Initiating bringup
[    3.337429] e1000 0000:00:03.0 enp0s3: renamed from eth0
[    3.448993] ioc0: LSI53C1030 A0: Capabilities={Initiator}
[    3.699320] scsi host2: ioc0: LSI53C1030 A0, FwRev=00000000h, Ports=1, MaxQ=256, IRQ=20
[    4.113496] scsi 2:0:0:0: Direct-Access     VBOX     HARDDISK         1.0  PQ: 0 ANSI: 5
[    4.158206] scsi target2:0:0: Beginning Domain Validation
[    4.163191] scsi target2:0:0: Domain Validation skipping write tests
[    4.166858] scsi target2:0:0: Ending Domain Validation
[    4.169448] scsi target2:0:0: asynchronous
[    4.172504] scsi 2:0:1:0: Direct-Access     VBOX     HARDDISK         1.0  PQ: 0 ANSI: 5
[    4.732964] scsi target2:0:1: Beginning Domain Validation
[    4.739006] scsi target2:0:1: Domain Validation skipping write tests
[    4.743783] scsi target2:0:1: Ending Domain Validation
[    4.747934] scsi target2:0:1: asynchronous
[    4.757682] sd 2:0:0:0: [sda] 83886080 512-byte logical blocks: (42.9 GB/40.0 GiB)
[    4.757787] sd 2:0:0:0: Attached scsi generic sg0 type 0
[    4.766813] sd 2:0:0:0: [sda] Write Protect is off
[    4.771243] sd 2:0:0:0: [sda] Incomplete mode parameter data
[    4.772355] sd 2:0:1:0: Attached scsi generic sg1 type 0
[    4.775379] sd 2:0:0:0: [sda] Assuming drive cache: write through
[    4.779491] sd 2:0:1:0: [sdb] 20480 512-byte logical blocks: (10.5 MB/10.0 MiB)
[    4.788529] sd 2:0:1:0: [sdb] Write Protect is off
[    4.792212] sd 2:0:1:0: [sdb] Incomplete mode parameter data
[    4.796553] sd 2:0:1:0: [sdb] Assuming drive cache: write through
[    4.801722]  sda: sda1
[    4.803938] sd 2:0:1:0: [sdb] Attached SCSI disk
[    4.808625] sd 2:0:0:0: [sda] Attached SCSI disk
Begin: Loading essential drivers ... [    8.720434] raid6: sse2x1   gen()  7609 MB/s
[    8.768157] raid6: sse2x1   xor() 13406 MB/s
[    8.816341] raid6: sse2x2   gen() 15843 MB/s
[    8.864027] raid6: sse2x2   xor() 16516 MB/s
[    8.912231] raid6: sse2x4   gen() 21680 MB/s
[    8.960029] raid6: sse2x4   xor()  9915 MB/s
[    8.963836] raid6: using algorithm sse2x4 gen() 21680 MB/s
[    8.969288] raid6: .... xor() 9915 MB/s, rmw enabled
[    8.975048] raid6: using ssse3x2 recovery algorithm
[    8.983790] xor: measuring software checksum speed
[    9.028424]    prefetch64-sse: 15395.000 MB/sec
[    9.072250]    generic_sse: 17916.000 MB/sec
[    9.077448] xor: using function: generic_sse (17916.000 MB/sec)
[    9.098079] async_tx: api initialized (async)
done.
Begin: Running /scripts/init-premount ... done.
Begin: Mounting root file system ... Begin: Running /scripts/local-top ... done.
Begin: Running /scripts/local-premount ... [    9.406083] Btrfs loaded, crc32c=crc32c-intel
Scanning for Btrfs filesystems
done.
Warning: fsck not present, so skipping root file system
[    9.589514] EXT4-fs (sda1): mounted filesystem with ordered data mode. Opts: (null)
done.
Begin: Running /scripts/local-bottom ... done.
Begin: Running /scripts/init-bottom ... done.
[   10.269592] ip_tables: (C) 2000-2006 Netfilter Core Team
[   10.294591] systemd[1]: systemd 237 running in system mode. (+PAM +AUDIT +SELINUX +IMA +APPARMOR +SMACK +SYSVINIT +UTMP +LIBCRYPTSETUP +GCRYPT +GNUTLS +ACL +XZ +LZ4 +SECCOMP +BLKID +ELFUTILS +KMOD -IDN2 +IDN -PCRE2 default-hierarchy=hybrid)
[   10.308227] systemd[1]: Detected virtualization oracle.
[   10.311516] systemd[1]: Detected architecture x86-64.

Welcome to [1mUbuntu 18.04.6 LTS[0m!

[   10.355467] systemd[1]: Set hostname to <ubuntu>.
[   10.361906] random: systemd: uninitialized urandom read (16 bytes read)
[   10.366393] systemd[1]: Initializing machine ID from random generator.
[   10.371216] systemd[1]: Installed transient /etc/machine-id file.
[   11.072095] random: systemd: uninitialized urandom read (16 bytes read)
[   11.076682] systemd[1]: Reached target User and Group Name Lookups.
[[0;32m  OK  [0m] Reached target User and Group Name Lookups.
[   11.082983] random: systemd: uninitialized urandom read (16 bytes read)
[   11.088238] systemd[1]: Reached target Swap.
[[0;32m  OK  [0m] Reached target Swap.
[   11.092565] systemd[1]: Set up automount Arbitrary Executable File Formats File System Automount Point.
[[0;32m  OK  [0m] Set up automount Arbitrary Executab…rmats File System Automount Point.
[   11.119950] systemd[1]: Created slice System Slice.
[[0;32m  OK  [0m] Created slice System Slice.
[[0;32m  OK  [0m] Listening on udev Control Socket.
[[0;32m  OK  [0m] Listening on Journal Socket.
         Starting Create list of required st…ce nodes for the current kernel...
         Mounting Huge Pages File System...
         Starting Uncomplicated firewall...
[[0;32m  OK  [0m] Listening on udev Kernel Socket.
[[0;32m  OK  [0m] Listening on /dev/initctl Compatibility Named Pipe.
         Starting Set the console keyboard layout...
[[0;32m  OK  [0m] Listening on Syslog Socket.
[[0;32m  OK  [0m] Listening on Network Service Netlink Socket.
[[0;32m  OK  [0m] Listening on Journal Socket (/dev/log).
         Mounting POSIX Message Queue File System...
[[0;32m  OK  [0m] Listening on fsck to fsckd communication Socket.
         Starting Load Kernel Modules...
         Starting File System Check on Root Device...
[[0;32m  OK  [0m] Reached target Mounting snaps.
[[0;32m  OK  [0m] Reached target Mounted snaps.
[[0;32m  OK  [0m] Listening on LVM2 poll daemon socket.
[[0;32m  OK  [0m] Created slice User and Session Slice.
[[0;32m  OK  [0m] Reached target Slices.
[[0;32m  OK  [0m] Listening on Device-mapper event daemon FIFOs.
[[0;32m  OK  [0m] Created slice system-serial\x2dgetty.slice.
[[0;32m  OK  [0m] Started Forward Password Requests to Wall Directory Watch.
         Mounting Kernel Debug File System...
         Starting udev Coldplug all Devices...
[[0;32m  OK  [0m] Listening on Journal Audit Socket.
         Starting Journal Service...
[[0;32m  OK  [0m] Reached target System Time Synchronized.
[[0;32m  OK  [0m] Listening on LVM2 metadata daemon socket.
[   11.364483] random: systemd: uninitialized urandom read (16 bytes read)
         Starting Monitoring of LVM2 mirrors…ng dmeventd or progress polling...
[[0;32m  OK  [0m] Started Create list of required sta…vice nodes for the current kernel.
[[0;32m  OK  [0m] Mounted Huge Pages File System.
[[0;32m  OK  [0m] Started Uncomplicated firewall.
[[0;32m  OK  [0m] Moun[   11.459491] random: systemd: uninitialized urandom read (16 bytes read)
ted POSIX Message Queue File System.
         Starting Create Static Device Nodes in /dev...
[[0;32m  OK  [0m] Mounted Kern[   11.526067] random: systemd: uninitialized urandom read (16 bytes read)
el Debug File System.
[[0;32m  OK  [0m] Started File System Check Daemon to report status.
[   11.688721] Loading iSCSI transport class v2.0-870.
[[0;32m  OK  [0m] Started LVM2 metadata daemon.
[[0;32m  OK  [0m] Started Create Static Device Nodes in /dev.
[   11.858852] iscsi: registered transport (tcp)
[[0;32m  OK  [0m] Started udev Coldplug all Devices.
[[0;32m  OK  [0m] Started Journal Service.
[[0;32m  OK  [0m] Started File System Check on Root Device.
         Starting Remount Root and Kernel File Systems...
[[0;32m  OK  [0m] Started Monitoring of LVM2 mirrors,…sing dmeventd or progress polling.
[   12.078923] iscsi: registered transport (iser)
[[0;32m  OK  [0m] Started Load Kernel Modules.
         Starting Apply Kernel Variables...
         Mounting Kernel Configuration File System...
[   12.148795] EXT4-fs (sda1): re-mounted. Opts: (null)
         Mounting FUSE Control File System...
[[0;32m  OK  [0m] Mounted FUSE Control File System.
[[0;32m  OK  [0m] Mounted Kernel Configuration File System.
[[0;32m  OK  [0m] Started Remount Root and Kernel File Systems.
         Starting Flush Journal to Persistent Storage...
         Starting Load/Save Random Seed...
         Starting udev Kernel Device Manager...
[[0;32m  OK  [0m] Started Apply Kernel Variables.
[[0;32m  OK  [0m] Started udev Kernel Device Manager.
[[0;32m  OK  [0m] Started Load/Save Random Seed.
[[0;32m  OK  [0m] Started Flush Journal to Persistent Storage.
[[0;32m  OK  [0m] Found device /dev/ttyS0.
[[0;32m  OK  [0m] Listening on Load/Save RF Kill Switch Status /dev/rfkill Watch.
[[0;32m  OK  [0m] Started Set the console keyboard layout.
[[0;32m  OK  [0m] Started Dispatch Password Requests to Console Directory Watch.
[[0;32m  OK  [0m] Reached target Local Encrypted Volumes.
[[0;32m  OK  [0m] Reached target Local File Systems (Pre).
[[0;32m  OK  [0m] Reached target Local File Systems.
         Starting Commit a transient machine-id on disk...
         Starting Create Volatile Files and Directories...
         Starting ebtables ruleset management...
         Starting Tell Plymouth To Write Out Runtime Data...
         Starting Set console font and keymap...
         Starting AppArmor initialization...
[[0;32m  OK  [0m] Started Tell Plymouth To Write Out Runtime Data.
[[0;32m  OK  [0m] Started Create Volatile Files and Directories.
         Starting Update UTMP about System Boot/Shutdown...
[[0;32m  OK  [0m] Started Commit a transient machine-id on disk.
[[0;32m  OK  [0m] Started Update UTMP about System Boot/Shutdown.
[[0;32m  OK  [0m] Started ebtables ruleset management.
         Mounting Arbitrary Executable File Formats File System...
[[0;32m  OK  [0m] Mounted Arbitrary Executable File Formats File System.
[[0;32m  OK  [0m] Started AppArmor initialization.
         Starting Load AppArmor profiles managed internally by snapd...
         Starting Initial cloud-init job (pre-networking)...
[[0;32m  OK  [0m] Started Load AppArmor profiles managed internally by snapd.
[[0;32m  OK  [0m] Started Set console font and keymap.
[   23.547785] cloud-init[693]: Cloud-init v. 23.1.2-0ubuntu0~18.04.1 running 'init-local' at Sun, 14 Jul 2024 00:25:17 +0000. Up 21.90 seconds.
[[0;32m  OK  [0m] Started Initial cloud-init job (pre-networking).
[[0;32m  OK  [0m] Reached target Network (Pre).
         Starting Network Service...
[[0;32m  OK  [0m] Started Network Service.
         Starting Network Name Resolution...
         Starting Wait for Network to be Configured...
[[0;32m  OK  [0m] Started Network Name Resolution.
[[0;32m  OK  [0m] Reached target Host and Network Name Lookups.
[[0;32m  OK  [0m] Reached target Network.
[[0;32m  OK  [0m] Started Wait for Network to be Configured.
         Starting Initial cloud-init job (metadata service crawler)...
[   28.195980] cloud-init[839]: Cloud-init v. 23.1.2-0ubuntu0~18.04.1 running 'init' at Sun, 14 Jul 2024 00:25:22 +0000. Up 27.45 seconds.
[   28.209595] cloud-init[839]: ci-info: ++++++++++++++++++++++++++++++++++++++Net device info+++++++++++++++++++++++++++++++++++++++
[   28.218582] cloud-init[839]: ci-info: +--------+-------+----------------------------+---------------+--------+-------------------+
[   28.223387] cloud-init[839]: ci-info: | Device |   Up  |          Address           |      Mask     | Scope  |     Hw-Address    |
[   28.227977] cloud-init[839]: ci-info: +--------+-------+----------------------------+---------------+--------+-------------------+
[   28.232135] cloud-init[839]: ci-info: | enp0s3 |  True |         10.0.2.15          | 255.255.255.0 | global | 02:3b:7b:b7:3b:2d |
[   28.237307] cloud-init[839]: ci-info: | enp0s3 |  True | fe80::3b:7bff:feb7:3b2d/64 |       .       |  link  | 02:3b:7b:b7:3b:2d |
[   28.243061] cloud-init[839]: ci-info: | enp0s8 | False |             .              |       .       |   .    | 08:00:27:8e:38:52 |
[   28.252444] cloud-init[839]: ci-info: |   lo   |  True |         127.0.0.1          |   255.0.0.0   |  host  |         .         |
[   28.256961] cloud-init[839]: ci-info: |   lo   |  True |          ::1/128           |       .       |  host  |         .         |
[   28.261735] cloud-init[839]: ci-info: +--------+-------+----------------------------+---------------+--------+-------------------+
[   28.266284] cloud-init[839]: ci-info: ++++++++++++++++++++++++++++Route IPv4 info+++++++++++++++++++++++++++++
[   28.269628] cloud-init[839]: ci-info: +-------+-------------+----------+-----------------+-----------+-------+
[   28.273843] cloud-init[839]: ci-info: | Route | Destination | Gateway  |     Genmask     | Interface | Flags |
[   28.277825] cloud-init[839]: ci-info: +-------+-------------+----------+-----------------+-----------+-------+
[   28.280954] cloud-init[839]: ci-info: |   0   |   0.0.0.0   | 10.0.2.2 |     0.0.0.0     |   enp0s3  |   UG  |
[   28.284308] cloud-init[839]: ci-info: |   1   |   10.0.2.0  | 0.0.0.0  |  255.255.255.0  |   enp0s3  |   U   |
[   28.290813] cloud-init[839]: ci-info: |   2   |   10.0.2.2  | 0.0.0.0  | 255.255.255.255 |   enp0s3  |   UH  |
[   28.293730] cloud-init[839]: ci-info: +-------+-------------+----------+-----------------+-----------+-------+
[   28.296408] cloud-init[839]: ci-info: +++++++++++++++++++Route IPv6 info+++++++++++++++++++
[   28.299097] cloud-init[839]: ci-info: +-------+-------------+---------+-----------+-------+
[   28.301897] cloud-init[839]: ci-info: | Route | Destination | Gateway | Interface | Flags |
[   28.312697] cloud-init[839]: ci-info: +-------+-------------+---------+-----------+-------+
[   28.315589] cloud-init[839]: ci-info: |   1   |  fe80::/64  |    ::   |   enp0s3  |   U   |
[   28.318865] cloud-init[839]: ci-info: |   3   |    local    |    ::   |   enp0s3  |   U   |
[   28.321505] cloud-init[839]: ci-info: |   4   |   ff00::/8  |    ::   |   enp0s3  |   U   |
[   28.324159] cloud-init[839]: ci-info: +-------+-------------+---------+-----------+-------+
[   30.971740] cloud-init[839]: Generating public/private rsa key pair.
[   30.975898] cloud-init[839]: Your identification has been saved in /etc/ssh/ssh_host_rsa_key.
[   30.980021] cloud-init[839]: Your public key has been saved in /etc/ssh/ssh_host_rsa_key.pub.
[   30.984179] cloud-init[839]: The key fingerprint is:
[   30.987018] cloud-init[839]: SHA256:RsjY5kxOumTXCXlXNkX6QkGUCcq9aeJoV77B3geFp/Q root@ubuntu-bionic
[   30.991210] cloud-init[839]: The key's randomart image is:
[   30.994085] cloud-init[839]: +---[RSA 2048]----+
[   30.996837] cloud-init[839]: |          .+B=o  |
[   30.999047] cloud-init[839]: |     + + o oo+   |
[   31.001777] cloud-init[839]: |    . X = o o.   |
[   31.004367] cloud-init[839]: |     O = o +o.o  |
[   31.016653] cloud-init[839]: |    + = S =..=.  |
[   31.019481] cloud-init[839]: |   o o + *  o.E  |
[   31.022025] cloud-init[839]: |    . o o +  .   |
[   31.024635] cloud-init[839]: |     . . . +  .  |
[   31.026429] cloud-init[839]: |          o ..   |
[   31.028727] cloud-init[839]: +----[SHA256]-----+
[   31.030454] cloud-init[839]: Generating public/private dsa key pair.
[   31.033016] cloud-init[839]: Your identification has been saved in /etc/ssh/ssh_host_dsa_key.
[   31.037459] cloud-init[839]: Your public key has been saved in /etc/ssh/ssh_host_dsa_key.pub.
[   31.041099] cloud-init[839]: The key fingerprint is:
[   31.043413] cloud-init[839]: SHA256:jpaODnggRtBoA9AO9a9jMx3vGZfLx0dUPZnyYr9Q9eA root@ubuntu-bionic
[   31.047343] cloud-init[839]: The key's randomart image is:
[   31.049756] cloud-init[839]: +---[DSA 1024]----+
[   31.051905] cloud-init[839]: |*=.             +|
[   31.070152] cloud-init[839]: |+oo.         ..++|
[   31.072474] cloud-init[839]: |.+. .        .oo+|
[   31.075041] cloud-init[839]: |. .  .       oEo.|
[   31.078054] cloud-init[839]: |o.    o S   ..+  |
[   31.080973] cloud-init[839]: |oo   o *   . ... |
[   31.083434] cloud-init[839]: |. o * = + o. .. .|
[   31.086283] cloud-init[839]: | . o B . = .o .. |
[   31.088813] cloud-init[839]: |   .o . o o. .   |
[   31.091552] cloud-init[839]: +----[SHA256]-----+
[   31.094789] cloud-init[839]: Generating public/private ecdsa key pair.
[   31.097898] cloud-init[839]: Your identification has been saved in /etc/ssh/ssh_host_ecdsa_key.
[   31.102487] cloud-init[839]: Your public key has been saved in /etc/ssh/ssh_host_ecdsa_key.pub.
[   31.106146] cloud-init[839]: The key fingerprint is:
[   31.108063] cloud-init[839]: SHA256:C2MUAzq1QLQLuJisrOQba6kUbINIKyUodTaWSfEt48o root@ubuntu-bionic
[   31.110435] cloud-init[839]: The key's randomart image is:
[   31.112242] cloud-init[839]: +---[ECDSA 256]---+
[   31.113823] cloud-init[839]: | o=.X=o          |
[   31.115492] cloud-init[839]: |o. Oo+ +         |
[   31.117588] cloud-init[839]: |*.= . = .        |
[   31.119100] cloud-init[839]: |O*.o o o         |
[   31.120604] cloud-init[839]: |BB.   = S        |
[   31.122006] cloud-init[839]: |= o. o o .       |
[   31.123499] cloud-init[839]: |.=. E   .        |
[   31.124894] cloud-init[839]: |=oo              |
[   31.126343] cloud-init[839]: |=+.              |
[   31.127886] cloud-init[839]: +----[SHA256]-----+
[   31.129176] cloud-init[839]: Generating public/private ed25519 key pair.
[   31.131410] cloud-init[839]: Your identification has been saved in /etc/ssh/ssh_host_ed25519_key.
[   31.133865] cloud-init[839]: Your public key has been saved in /etc/ssh/ssh_host_ed25519_key.pub.
[   31.137130] cloud-init[839]: The key fingerprint is:
[   31.138544] cloud-init[839]: SHA256:A/lXGzvmJKfoVbXgvfa68w0CtReE0NUiQKOQNNOQF9Q root@ubuntu-bionic
[   31.141256] cloud-init[839]: The key's randomart image is:
[   31.143187] cloud-init[839]: +--[ED25519 256]--+
[   31.144556] cloud-init[839]: |     .**o+=+ oo. |
[   31.145940] cloud-init[839]: |      o=o.E.+.. .|
[   31.147689] cloud-init[839]: |      o..   =.o. |
[   31.149317] cloud-init[839]: |       o   + O o |
[   31.151215] cloud-init[839]: |        S + @ +  |
[   31.152903] cloud-init[839]: |         + X o . |
[   31.154302] cloud-init[839]: |        . o o +  |
[   31.155712] cloud-init[839]: |       . .   o.o.|
[   31.157299] cloud-init[839]: |        .     o=+|
[   31.168770] cloud-init[839]: +----[SHA256]-----+
[[0;32m  OK  [0m] Started Initial cloud-init job (metadata service crawler).
[[0;32m  OK  [0m] Reached target Network is Online.
         Starting Availability of block devices...
[[0;32m  OK  [0m] Reached target Remote File Systems (Pre).
[[0;32m  OK  [0m] Reached target Remote File Systems.
[[0;32m  OK  [0m] Reached target Cloud-config availability.
[[0;32m  OK  [0m] Reached target System Initialization.
[[0;32m  OK  [0m] Listening on cloud-init hotplug hook socket.
         Starting LXD - unix socket.
[[0;32m  OK  [0m] Started Daily apt download activities.
[[0;32m  OK  [0m] Started Message of the Day.
[[0;32m  OK  [0m] Started Daily Cleanup of Temporary Directories.
[[0;32m  OK  [0m] Listening on Open-iSCSI iscsid Socket.
         Starting Socket activation for snappy daemon.
[[0;32m  OK  [0m] Listening on UUID daemon activation socket.
[[0;32m  OK  [0m] Started Discard unused blocks once a week.
[[0;32m  OK  [0m] Started ACPI Events Check.
[[0;32m  OK  [0m] Started Ubuntu Advantage Timer for running repeated jobs.
[[0;32m  OK  [0m] Listening on ACPID Listen Socket.
[[0;32m  OK  [0m] Listening on D-Bus System Message Bus Socket.
[[0;32m  OK  [0m] Started Daily apt upgrade and clean activities.
[[0;32m  OK  [0m] Reached target Timers.
[[0;32m  OK  [0m] Reached target Paths.
[[0;32m  OK  [0m] Started Availability of block devices.
[[0;32m  OK  [0m] Listening on LXD - unix socket.
[[0;32m  OK  [0m] Listening on Socket activation for snappy daemon.
[[0;32m  OK  [0m] Reached target Sockets.
[[0;32m  OK  [0m] Reached target Basic System.
         Starting LXD - container startup/shutdown...
         Starting Virtualbox guest utils...
         Starting Login Service...
[[0;32m  OK  [0m] Started Regular background program processing daemon.
         Starting Pollinate to seed the pseudo random number generator...
         Starting Accounts Service...
         Starting LSB: automatic crash report generation...
[[0;32m  OK  [0m] Reached target Login Prompts (Pre).
         Starting LSB: Record successful boot for GRUB...
[[0;32m  OK  [0m] Started D-Bus System Message Bus.
[[0;32m  OK  [0m] Started FUSE filesystem for LXC.
         Starting Permit User Sessions...
[[0;32m  OK  [0m] Started irqbalance daemon.
[[0;32m  OK  [0m] Started Deferred execution scheduler.
         Starting Dispatcher daemon for systemd-networkd...
         Starting Snap Daemon...
         Starting System Logging Service...
[[0;32m  OK  [0m] Started Login Service.
[[0;32m  OK  [0m] Started Unattended Upgrades Shutdown.
         Starting Authorization Manager...
[[0;32m  OK  [0m] Started Permit User Sessions.
         Starting Hold until boot process finishes up...
         Starting Terminate Plymouth Boot Screen...
[[0;32m  OK  [0m] Started Hold until boot process finishes up.
[[0;32m  OK  [0m] Started Serial Getty on ttyS0.
         Starting Set console scheme...
[[0;32m  OK  [0m] Started Terminate Plymouth Boot Screen.
[[0;32m  OK  [0m] Started Set console scheme.
[[0;32m  OK  [0m] Created slice system-getty.slice.
[[0;32m  OK  [0m] Started Getty on tty1.
[[0;32m  OK  [0m] Reached target Login Prompts.
[[0;32m  OK  [0m] Started System Logging Service.
[[0;32m  OK  [0m] Started Authorization Manager.
[[0;32m  OK  [0m] Started Accounts Service.
[[0;32m  OK  [0m] Started LSB: Record successful boot for GRUB.
[[0;32m  OK  [0m] Started LXD - container startup/shutdown.
[[0;32m  OK  [0m] Started LSB: automatic crash report generation.
[[0;32m  OK  [0m] Started Virtualbox guest utils.
[[0;32m  OK  [0m] Started Dispatcher daemon for systemd-networkd.
[[0;32m  OK  [0m] Started Snap Daemon.
         Starting Wait until snapd is fully seeded...
[[0;32m  OK  [0m] Started Pollinate to seed the pseudo random number generator.
         Starting OpenBSD Secure Shell server...
[[0;32m  OK  [0m] Started OpenBSD Secure Shell server.
[[0;32m  OK  [0m] Created slice User Slice of vagrant.
         Starting User Manager for UID 1000...
[[0;32m  OK  [0m] Started Session 1 of user vagrant.
         Starting Time & Date Service...
[[0;32m  OK  [0m] Started Time & Date Service.
[[0;32m  OK  [0m] Started User Manager for UID 1000.

Ubuntu 18.04.6 LTS ubuntu-bionic ttyS0

ubuntu-bionic login: [   46.166180] cloud-init[1236]: Cloud-init v. 23.1.2-0ubuntu0~18.04.1 running 'modules:config' at Sun, 14 Jul 2024 00:25:38 +0000. Up 43.61 seconds.
ci-info: no authorized SSH keys fingerprints found for user ubuntu.
<14>Jul 14 00:25:44 cloud-init: #############################################################
<14>Jul 14 00:25:44 cloud-init: -----BEGIN SSH HOST KEY FINGERPRINTS-----
<14>Jul 14 00:25:44 cloud-init: 1024 SHA256:jpaODnggRtBoA9AO9a9jMx3vGZfLx0dUPZnyYr9Q9eA root@ubuntu-bionic (DSA)
<14>Jul 14 00:25:44 cloud-init: 256 SHA256:C2MUAzq1QLQLuJisrOQba6kUbINIKyUodTaWSfEt48o root@ubuntu-bionic (ECDSA)
<14>Jul 14 00:25:44 cloud-init: 256 SHA256:A/lXGzvmJKfoVbXgvfa68w0CtReE0NUiQKOQNNOQF9Q root@ubuntu-bionic (ED25519)
<14>Jul 14 00:25:44 cloud-init: 2048 SHA256:RsjY5kxOumTXCXlXNkX6QkGUCcq9aeJoV77B3geFp/Q root@ubuntu-bionic (RSA)
<14>Jul 14 00:25:44 cloud-init: -----END SSH HOST KEY FINGERPRINTS-----
<14>Jul 14 00:25:44 cloud-init: #############################################################
-----BEGIN SSH HOST KEY KEYS-----
ecdsa-sha2-nistp256 AAAAE2VjZHNhLXNoYTItbmlzdHAyNTYAAAAIbmlzdHAyNTYAAABBBHSlvzO8pXisc7gXyo7GR6cJ9c6KEPrvkrBqf+7q+h/R8FyKRe/bTJOGzzCkZr8uXbEUjQE5sQNAwoGeKKjgdBM= root@ubuntu-bionic
ssh-ed25519 AAAAC3NzaC1lZDI1NTE5AAAAII+kpX5vHZ/IDAF7s4LOuKg/AywEyccBp9WgycoohMf2 root@ubuntu-bionic
ssh-rsa AAAAB3NzaC1yc2EAAAADAQABAAABAQDDEiqRK6jStz2nrGpmIo7C4IbsEeoiWlEoISOXJdYvwzLb/m9wlX4dPWVWZalqq/PuK7XS5VeiNfxuwVdcI0GKHzppbVRbjORMtEkp6tSDVYK+tDBNjLu7HRSJU+EF1ul8oScmClUyNYAFh/VVQF/nW6NEQJg8EaQi7ttZkpvm0s7Q7/6ja2m62t7JpBaGj/g7UTwPsf9jiMzuvokBVFvmjWwAbzPRkx7FiyJy0VriCT2N5l4/64Swr+7eKs03403q5xfBCtGVRn5nZ23uRF1OdDmEhG8c1d04QkUbfpfyhSYuVLpY/aoBHN3psMp6jlnMmIDlkslyc2/SPTwv17KB root@ubuntu-bionic
-----END SSH HOST KEY KEYS-----
[   49.957340] cloud-init[1367]: Cloud-init v. 23.1.2-0ubuntu0~18.04.1 running 'modules:final' at Sun, 14 Jul 2024 00:25:44 +0000. Up 49.04 seconds.
[   49.961003] cloud-init[1367]: Cloud-init v. 23.1.2-0ubuntu0~18.04.1 finished at Sun, 14 Jul 2024 00:25:45 +0000. Datasource DataSourceNoCloud [seed=/dev/sdb][dsmode=net].  Up 49.91 seconds
